2019-01-22 20:35:46,142  INFO [main] GET_statuses_home_timeline_Test:36 - ****************************** Starting test cases execution  *****************************************
2019-01-22 20:35:46,144  INFO [main] GET_statuses_home_timeline_Test:37 - ****************************** Loading the Base Url  *****************************************
2019-01-22 20:35:47,147 DEBUG [main] BasicClientConnectionManager:161 - Get connection for route {s}->https://api.twitter.com:443
2019-01-22 20:35:47,162 DEBUG [main] DefaultClientConnectionOperator:177 - Connecting to api.twitter.com:443
2019-01-22 20:35:47,835 DEBUG [main] RequestAddCookies:123 - CookieSpec selected: ignoreCookies
2019-01-22 20:35:47,835 DEBUG [main] RequestAuthCache:77 - Auth cache not set in the context
2019-01-22 20:35:47,838 DEBUG [main] RequestTargetAuthentication:80 - Target auth state: UNCHALLENGED
2019-01-22 20:35:47,838 DEBUG [main] RequestProxyAuthentication:89 - Proxy auth state: UNCHALLENGED
2019-01-22 20:35:47,853 DEBUG [main] DefaultHttpClient:682 - Attempt 1 to execute request
2019-01-22 20:35:47,853 DEBUG [main] DefaultClientConnection:274 - Sending request: GET /1.1/statuses/home_timeline.json?count=5 HTTP/1.1
2019-01-22 20:35:47,854 DEBUG [main] wire:73 -  >> "GET /1.1/statuses/home_timeline.json?count=5 HTTP/1.1[\r][\n]"
2019-01-22 20:35:47,854 DEBUG [main] wire:73 -  >> "Accept: */*[\r][\n]"
2019-01-22 20:35:47,855 DEBUG [main] wire:73 -  >> "Host: api.twitter.com[\r][\n]"
2019-01-22 20:35:47,855 DEBUG [main] wire:73 -  >> "Connection: Keep-Alive[\r][\n]"
2019-01-22 20:35:47,855 DEBUG [main] wire:73 -  >> "User-Agent: Apache-HttpClient/4.5.3 (Java/1.8.0_191)[\r][\n]"
2019-01-22 20:35:47,855 DEBUG [main] wire:73 -  >> "Accept-Encoding: gzip,deflate[\r][\n]"
2019-01-22 20:35:47,856 DEBUG [main] wire:73 -  >> "Authorization: OAuth oauth_nonce="3159060858", oauth_signature="8ySITRdIATrSpiKG%2BGSt%2F0mkbZM%3D", oauth_token="1078185077580787712-8V9HHBfFPFQwHiM5hr3jQ0SrE62fhw", oauth_consumer_key="msB8D1l1DipC7srZU3b6oLpCz", oauth_timestamp="1548169547", oauth_signature_method="HMAC-SHA1", oauth_version="1.0"[\r][\n]"
2019-01-22 20:35:47,856 DEBUG [main] wire:73 -  >> "[\r][\n]"
2019-01-22 20:35:47,856 DEBUG [main] headers:278 - >> GET /1.1/statuses/home_timeline.json?count=5 HTTP/1.1
2019-01-22 20:35:47,856 DEBUG [main] headers:281 - >> Accept: */*
2019-01-22 20:35:47,857 DEBUG [main] headers:281 - >> Host: api.twitter.com
2019-01-22 20:35:47,857 DEBUG [main] headers:281 - >> Connection: Keep-Alive
2019-01-22 20:35:47,858 DEBUG [main] headers:281 - >> User-Agent: Apache-HttpClient/4.5.3 (Java/1.8.0_191)
2019-01-22 20:35:47,858 DEBUG [main] headers:281 - >> Accept-Encoding: gzip,deflate
2019-01-22 20:35:47,858 DEBUG [main] headers:281 - >> Authorization: OAuth oauth_nonce="3159060858", oauth_signature="8ySITRdIATrSpiKG%2BGSt%2F0mkbZM%3D", oauth_token="1078185077580787712-8V9HHBfFPFQwHiM5hr3jQ0SrE62fhw", oauth_consumer_key="msB8D1l1DipC7srZU3b6oLpCz", oauth_timestamp="1548169547", oauth_signature_method="HMAC-SHA1", oauth_version="1.0"
2019-01-22 20:35:48,189 DEBUG [main] wire:73 -  << "HTTP/1.1 200 OK[\r][\n]"
2019-01-22 20:35:48,280 DEBUG [main] wire:73 -  << "cache-control: no-cache, no-store, must-revalidate, pre-check=0, post-check=0[\r][\n]"
2019-01-22 20:35:48,280 DEBUG [main] wire:73 -  << "content-disposition: attachment; filename=json.json[\r][\n]"
2019-01-22 20:35:48,280 DEBUG [main] wire:73 -  << "content-encoding: gzip[\r][\n]"
2019-01-22 20:35:48,280 DEBUG [main] wire:73 -  << "content-length: 1002[\r][\n]"
2019-01-22 20:35:48,281 DEBUG [main] wire:73 -  << "content-type: application/json;charset=utf-8[\r][\n]"
2019-01-22 20:35:48,281 DEBUG [main] wire:73 -  << "date: Tue, 22 Jan 2019 15:05:52 GMT[\r][\n]"
2019-01-22 20:35:48,281 DEBUG [main] wire:73 -  << "expires: Tue, 31 Mar 1981 05:00:00 GMT[\r][\n]"
2019-01-22 20:35:48,281 DEBUG [main] wire:73 -  << "last-modified: Tue, 22 Jan 2019 15:05:52 GMT[\r][\n]"
2019-01-22 20:35:48,281 DEBUG [main] wire:73 -  << "pragma: no-cache[\r][\n]"
2019-01-22 20:35:48,281 DEBUG [main] wire:73 -  << "server: tsa_m[\r][\n]"
2019-01-22 20:35:48,282 DEBUG [main] wire:73 -  << "set-cookie: personalization_id="v1_ooRcNAqqSpoM3mUniCJmWg=="; Max-Age=63072000; Expires=Thu, 21 Jan 2021 15:05:52 GMT; Path=/; Domain=.twitter.com[\r][\n]"
2019-01-22 20:35:48,282 DEBUG [main] wire:73 -  << "set-cookie: lang=en; Path=/[\r][\n]"
2019-01-22 20:35:48,282 DEBUG [main] wire:73 -  << "set-cookie: guest_id=v1%3A154816955245359553; Max-Age=63072000; Expires=Thu, 21 Jan 2021 15:05:52 GMT; Path=/; Domain=.twitter.com[\r][\n]"
2019-01-22 20:35:48,282 DEBUG [main] wire:73 -  << "status: 200 OK[\r][\n]"
2019-01-22 20:35:48,282 DEBUG [main] wire:73 -  << "strict-transport-security: max-age=631138519[\r][\n]"
2019-01-22 20:35:48,283 DEBUG [main] wire:73 -  << "x-access-level: read-write-directmessages[\r][\n]"
2019-01-22 20:35:48,283 DEBUG [main] wire:73 -  << "x-connection-hash: 642a3c19f58fa4dbdb9c3f5309abd236[\r][\n]"
2019-01-22 20:35:48,283 DEBUG [main] wire:73 -  << "x-content-type-options: nosniff[\r][\n]"
2019-01-22 20:35:48,283 DEBUG [main] wire:73 -  << "x-frame-options: SAMEORIGIN[\r][\n]"
2019-01-22 20:35:48,283 DEBUG [main] wire:73 -  << "x-rate-limit-limit: 15[\r][\n]"
2019-01-22 20:35:48,283 DEBUG [main] wire:73 -  << "x-rate-limit-remaining: 11[\r][\n]"
2019-01-22 20:35:48,284 DEBUG [main] wire:73 -  << "x-rate-limit-reset: 1548169778[\r][\n]"
2019-01-22 20:35:48,284 DEBUG [main] wire:73 -  << "x-response-time: 198[\r][\n]"
2019-01-22 20:35:48,284 DEBUG [main] wire:73 -  << "x-transaction: 0056522c00d65787[\r][\n]"
2019-01-22 20:35:48,285 DEBUG [main] wire:73 -  << "x-twitter-response-tags: BouncerCompliant[\r][\n]"
2019-01-22 20:35:48,285 DEBUG [main] wire:73 -  << "x-xss-protection: 1; mode=block; report=https://twitter.com/i/xss_report[\r][\n]"
2019-01-22 20:35:48,285 DEBUG [main] wire:73 -  << "[\r][\n]"
2019-01-22 20:35:48,286 DEBUG [main] DefaultClientConnection:259 - Receiving response: HTTP/1.1 200 OK
2019-01-22 20:35:48,286 DEBUG [main] headers:262 - << HTTP/1.1 200 OK
2019-01-22 20:35:48,286 DEBUG [main] headers:265 - << cache-control: no-cache, no-store, must-revalidate, pre-check=0, post-check=0
2019-01-22 20:35:48,286 DEBUG [main] headers:265 - << content-disposition: attachment; filename=json.json
2019-01-22 20:35:48,286 DEBUG [main] headers:265 - << content-encoding: gzip
2019-01-22 20:35:48,286 DEBUG [main] headers:265 - << content-length: 1002
2019-01-22 20:35:48,286 DEBUG [main] headers:265 - << content-type: application/json;charset=utf-8
2019-01-22 20:35:48,286 DEBUG [main] headers:265 - << date: Tue, 22 Jan 2019 15:05:52 GMT
2019-01-22 20:35:48,286 DEBUG [main] headers:265 - << expires: Tue, 31 Mar 1981 05:00:00 GMT
2019-01-22 20:35:48,286 DEBUG [main] headers:265 - << last-modified: Tue, 22 Jan 2019 15:05:52 GMT
2019-01-22 20:35:48,286 DEBUG [main] headers:265 - << pragma: no-cache
2019-01-22 20:35:48,286 DEBUG [main] headers:265 - << server: tsa_m
2019-01-22 20:35:48,286 DEBUG [main] headers:265 - << set-cookie: personalization_id="v1_ooRcNAqqSpoM3mUniCJmWg=="; Max-Age=63072000; Expires=Thu, 21 Jan 2021 15:05:52 GMT; Path=/; Domain=.twitter.com
2019-01-22 20:35:48,286 DEBUG [main] headers:265 - << set-cookie: lang=en; Path=/
2019-01-22 20:35:48,286 DEBUG [main] headers:265 - << set-cookie: guest_id=v1%3A154816955245359553; Max-Age=63072000; Expires=Thu, 21 Jan 2021 15:05:52 GMT; Path=/; Domain=.twitter.com
2019-01-22 20:35:48,286 DEBUG [main] headers:265 - << status: 200 OK
2019-01-22 20:35:48,286 DEBUG [main] headers:265 - << strict-transport-security: max-age=631138519
2019-01-22 20:35:48,286 DEBUG [main] headers:265 - << x-access-level: read-write-directmessages
2019-01-22 20:35:48,286 DEBUG [main] headers:265 - << x-connection-hash: 642a3c19f58fa4dbdb9c3f5309abd236
2019-01-22 20:35:48,286 DEBUG [main] headers:265 - << x-content-type-options: nosniff
2019-01-22 20:35:48,286 DEBUG [main] headers:265 - << x-frame-options: SAMEORIGIN
2019-01-22 20:35:48,286 DEBUG [main] headers:265 - << x-rate-limit-limit: 15
2019-01-22 20:35:48,286 DEBUG [main] headers:265 - << x-rate-limit-remaining: 11
2019-01-22 20:35:48,286 DEBUG [main] headers:265 - << x-rate-limit-reset: 1548169778
2019-01-22 20:35:48,286 DEBUG [main] headers:265 - << x-response-time: 198
2019-01-22 20:35:48,286 DEBUG [main] headers:265 - << x-transaction: 0056522c00d65787
2019-01-22 20:35:48,286 DEBUG [main] headers:265 - << x-twitter-response-tags: BouncerCompliant
2019-01-22 20:35:48,290 DEBUG [main] headers:265 - << x-xss-protection: 1; mode=block; report=https://twitter.com/i/xss_report
2019-01-22 20:35:48,293 DEBUG [main] DefaultHttpClient:509 - Connection can be kept alive indefinitely
2019-01-22 20:35:48,304 DEBUG [main] RequestSpecificationImpl$RestAssuredHttpBuilder:544 - Parsing response as: application/json;charset=utf-8
2019-01-22 20:35:48,305 DEBUG [main] wire:73 -  << "[0x1f][0x8b][0x8][0x0][0x0][0x0][0x0][0x0][0x0][0x0][0xec][0x99]Ko[0xdb]8[0x10][0x80][0xff][\n]"
2019-01-22 20:35:48,306 DEBUG [main] wire:73 -  << "[0xa1][0xeb][0x6][0x9]E[0xeb][\r][0xf4][0x10][0xd4]5[0xd0][0x2]{[0xda]b/uA[0xd0]2e[0x13][0xa1]H[0x97][0xa4][0xea]f[0x83][0xfc][0xf7][0x1d]Z[0x96]-[0xbf][0x82]E[0x80]=[0x95]>Y[0xf3][0xe0][0x90]3[0x9c][0xf9][0xfc][0xf8][0xf6][0x12][0xd5][0x86]3[0xc7][0x97][0x94][0xb9][0xa8][0x8a][0xbe]v[0x1c]}a[\n]"
2019-01-22 20:35:48,306 DEBUG [main] wire:73 -  << "[0x11][0x82][0xe2][0xb4][0xc2]IE[\n]"
2019-01-22 20:35:48,306 DEBUG [main] wire:73 -  << "[0xf4][0x7][0x86][0x17]"8.[0xa3][0xbb]H,[0xa3]*[0xc6]E[0x9e][0x93]<[0xc7][0xa4]L[0x92]8K[0x8b][0xa2][0xf4][\n]"
2019-01-22 20:35:48,306 DEBUG [main] wire:73 -  << "j[0x9d][0x81]%[0xae]h[0xc1][0xcf][0xf1]_~[0xfd][0xcf][0x88][0xb5]h[0x17]Q[0xa8][0x15]rka[0x91][0xdb]r[0xee][0xd0]V[0xb8]5[0x1a]E'[0xb8][0x9a]@t[0x82]>[0xff][0xf5]u[0x17][0x1b]=vN[0xb7][0xe0][0xa7][0x95]_[0xce]t[0xaa][0xf6][0xdb][0x8e][0xaa][0x86]I[0xcb][0xef]"[0xae][0x9c]p[0x82][0xdb][0xa8]z[0x89][0xd6][0xcc][0xae][0x1d][[0xc1][0xfb]o[0xdf][0xef]"[0xfb][0xdc].[0xb4][0xdc]?t[0x96][0x1b][0xda]zc[0xad][0x6][0x91][0xe9][0x95][0xaf]`[0xaa];Ss[0xd8][0xe7][0xbc][0xc3]xR3[0xb4]6[0xbc][0xf9]0[0x8f][0xd6][0xce]m[0xaa][0xf9][0xc3][0xfc]a[0xbb][0xdd][0xde][0xb][0xd5][0x88]_[0x8e][0xd7]k[0xa5][0xa5]^=[0xdf][0xd7][0xba][0x5]U[0x84][0xc][0x97]`[0xaa]t[0xa3][0xa5][0xd4][0xdb]y[0xbf][0x6][0xff][[0xd8]5[0x93]O[0xb0]#[0xb1][0xec]W[0x9d]?[0xb0]^[0xe5][0xd3][0xa9][0xa8][0xe1][0x1b][0xf9]L[0x9d][0x86][0xf4]1[0xd7]Y[0xea]3[0xac]:)o([0xfb],_[0x1a][0xec][0xe]v[0xdd]w[0xaf][0xba][0xe5]i[0xa1][0x1e]\Q[0xc5]Z>[0xa8][0xbd][0x87]Od_[0xed][0xbc][0x88][0x8b][0x14][0xe7]yZ[0xc0][0xdb]<[0x8f][0xc9]I[0xb5]/[0xb4]p[0xac]~[0xad][0xa8]?;[0xea][0xf][0xf][0xe2][0x93]H[0xd1]83[0x4][0x83]Z[0xea][0xba][0xaf]o[0x15][0xc1][0xd3][0x92][0x83][0xb9][0xd8][0x1c][0x5]P[0xa7]a[0xe3]b[0x9f][0xd8][0xbd][0x1c][0xab][0x9][0xe5][0xdc][0x18][\r]u[0x1a][0xdf][0x92][0xbe]6[0xdc]XZ[0xeb]N[0xc1][0x8d][0xc4] 3[0x82][0xab][0xe5]X"[0x85][0xf5][0x1d]q[0x14][0x9c][0xf6][0xc8][0xba]CS^#[0x92]#[0x9c]W8=[0xe9][0x91][0x2]6[0xda][0xb0][0x9f]p[0x8f][0x84][0xe3][0xe3]5;WS[0xdd]4[0x96][0xbb][0xe1][0x10]N[0xb4][0x9c][0xfe][0xa3][0xd5]![0xeb]+[0xae])Wl!G[0x1b][0xfe][0xc9][0x8d]h[0xc4]H[0xd0]_[0x84][0xe3][0xd2]q[0xe9]7[0xcc][0xd4][\n]"
2019-01-22 20:35:48,307 DEBUG [main] wire:87 -  << "v[0xc6]}k[0xd4]Z9#[0x16][0xd0]-p[0xca][0xf3][0xe5][0x84][0xa5][0xce]0e%[0x3][0xf5]5)d[0xf1][0xc2][0x9][0xd2][0xd8][0x8][0xc9][0xe9][0x82][0xd5]O+[0x3]a}j[0xa4][0xf7][0x8f]f[0xe9][0xac][0x98]=FWmD[0xcb]V[0x9c][0x8e][0xaa][0xf6][0x96][\r][0xf5]-f[0xdf][0xb0]t[0xf0]|[0xb1][0xa3]Q[0x88]c[0x8f][0xb2][0x85][0xbd]w[[0xd1][0xae][0xfa][0xce][0xb4]N[0xd4]O[0xcf][0xf3][0x87]%oX'[0x1d]=[0xf1][0xb5][0x97]r[0xa5]M[0xcb][0xe4][0xfd][0x6]2z%[0xd0][0xb0][0xcf]]8[0xfb][0xbf][0xc5][0x93]B=[0x1d][0x92][0x1c]O[0x1f][0xe3][0x19][0x19]i[0xad]X[0xf2][0x5]3t[0xa1][0xcd][0x12]Z{[0xb0][0xfb][0x88][0xa7][0x9f]>M[0xaf][0xd8][0xc1][0x83]<XM[0xc1]h[0x96][0x8d][0xac][0xfc]h>h'[0xbb][0xd7]H[0xb]w[0xed][0xa2]`Q[0x5][0xf3][0x17][0xca][0x0]s[0x96][0x82]3t[0xf][0xf4][0xc6][0xde][0xe1]P[0xa3][0xb3]s[0xe]>W[0xd3]2([0xfb][0xf6][0x14][0xfe]2[0x9f]4,[0xc][0xab][0x1f][0x1d][0xb7][0x8e]Z[0xee][0xef][0xfc]^[0xa7][0xb4][0x83][0xde][0xe8]g[0x86]=H[0x8f][0xf7][0x9b][0xba][0xe7][0x8d][0x1f]4[0xca][0xf7][0xd8][0xeb][0xae][0xbf][0x86][0xb]VkH[0x9d]P[0xd0][0xd4][0xc7];'Y[0xcd][0x8f][0xfa]c[0x13][0x1d]f[0xa6][0xa5]?:[0x18]([0xfb]Y|[0x8]h[0xf8][0xe]a[0xe3][0x89][0x2][0x3][0xc0][0xf7][0xff][0x15][0xd1][0xf2][0xdc]m$9v[0xf1][0xeb][0xdd][0x1b]\N[0xaa]4[0xa9][0x92][0xf8][0x16][0x97]S[0x92][0xc4]e[0x89][0x8b]2[0xcf][0xb2][0xf4][0x82][0xcb]'[0xda][0xf7]q[0x99]$[0xd5]$[0xb]\[0xe]\[0xe]\[0xe]\[0xe]\[0xe]\[0xfe][0x8d][0xb9][0xfc][0xa7]V=[0x19]c[0x14][0x13]O[0xc6][0x18]_[0xe7][0xf2][0x84]$[0x80]\[0x9c][0xe3]I[0x1c][0x97][0x93][0xfc][0x8c][0xcb]g[0xda][0xff][0xca][0xe5]q[0xf4][0xdc]*[0xc0][0x81][0xcb][0x81][0xcb][0x81][0xcb][0x81][0xcb][0x81][0xcb][0x81][0xcb][0x81][0xcb][0x3][0x97][0xe1]+s[0x92][0xdf][0xe2]2[0xc9][0xe2][0x94][0xe4][0xa4] I[0x91][0x9c]_>[0xd3][0xbe][0x8f][0xcb][0x9]D[0x9f][0x4].[0x7].[0x7].[0x7].[0x7].[0x7].[0x7].[0xef][0xc8][0x18]W)[0xbe][0xf9][0xff][0xf2]$[0xce][0x92]2[0xcb][0xcb][0x4][0xa7]I[0x96]f[0xe7]\>[0xd5][0xbe][0x8f][0xcb][0xbb][0x9f][0xb2][0x3][0x97][0x3][0x97][0x3][0x97][0x3][0x97][0x3][0x97][0x3][0x97]#.[0xff][0x17][0x0][0x0][0xff][0xff][0x3][0x0][0xbf][0xc0][0xa8][0xc2][0xf9]%[0x0][0x0]"
2019-01-22 20:35:48,307 DEBUG [main] RequestSpecificationImpl$RestAssuredHttpBuilder:547 - Parsed data to instance of: class org.apache.http.conn.EofSensorInputStream
2019-01-22 20:35:48,382 DEBUG [main] BasicClientConnectionManager:200 - Releasing connection org.apache.http.impl.conn.ManagedClientConnectionImpl@6c67e137
2019-01-22 20:35:48,383 DEBUG [main] BasicClientConnectionManager:225 - Connection can be kept alive indefinitely
2019-01-22 20:35:49,121  WARN [main] GET_statuses_home_timeline_Test:54 - Ending the Base Test Method
2019-01-22 20:35:49,138  INFO [main] GET_statuses_home_timeline_Test:62 - ****************************** starting 1St test case *****************************************
2019-01-22 20:35:49,149  INFO [main] GET_statuses_home_timeline_Test:71 - ****************************** starting 2nd test case *****************************************
2019-01-22 20:35:49,159  INFO [main] GET_statuses_home_timeline_Test:78 - ****************************** starting 3rd test case *****************************************
2019-01-22 20:35:49,170  INFO [main] GET_statuses_home_timeline_Test:85 - ****************************** starting 4St test case *****************************************
2019-01-22 20:35:49,181  INFO [main] GET_statuses_home_timeline_Test:92 - ****************************** starting 5St test case *****************************************
2019-01-22 20:35:49,192  INFO [main] GET_statuses_home_timeline_Test:99 - ****************************** starting 6St test case *****************************************
2019-01-22 20:35:49,206  INFO [main] GET_statuses_home_timeline_Test:106 - ****************************** starting 7th test case *****************************************
